<?xml version="1.0" encoding="UTF-8"?>
<!-- Generated by org.testng.reporters.JUnitReportReporter -->
<testsuite skipped="0" hostname="QKNBK189" name="com.qaprosoft.carina.demo.API_CreateUserCucumberTest" tests="1" failures="0" timestamp="22 Jan 2020 09:50:51 GMT" time="5.582" errors="0">
  <testcase name="feature" time="5.582" classname="com.qaprosoft.carina.demo.API_CreateUserCucumberTest"/>
</testsuite> <!-- com.qaprosoft.carina.demo.API_CreateUserCucumberTest -->
